<?xml version="1.0" encoding="UTF-8"?>
<testng-results skipped="0" failed="0" total="2" passed="2">
  <reporter-output>
  </reporter-output>
  <suite name="Default suite" duration-ms="32" started-at="2019-03-16T17:16:28Z" finished-at="2019-03-16T17:16:28Z">
    <groups>
    </groups>
    <test name="Default test" duration-ms="32" started-at="2019-03-16T17:16:28Z" finished-at="2019-03-16T17:16:28Z">
      <class name="qaclickacademy.Seleniumtest">
        <test-method status="PASS" signature="Seleni2()[pri:0, instance:qaclickacademy.Seleniumtest@a6d14e]" name="Seleni2" duration-ms="13" started-at="2019-03-16T22:46:28Z" finished-at="2019-03-16T22:46:28Z">
          <reporter-output>
          </reporter-output>
        </test-method> <!-- Seleni2 -->
        <test-method status="PASS" signature="seleni1()[pri:0, instance:qaclickacademy.Seleniumtest@a6d14e]" name="seleni1" duration-ms="0" started-at="2019-03-16T22:46:28Z" finished-at="2019-03-16T22:46:28Z">
          <reporter-output>
          </reporter-output>
        </test-method> <!-- seleni1 -->
      </class> <!-- qaclickacademy.Seleniumtest -->
    </test> <!-- Default test -->
  </suite> <!-- Default suite -->
</testng-results>
